<component name="libraryTable">
  <library name="junit">
    <CLASSES />
    <JAVADOC />
    <SOURCES>
      <root url="jar://$USER_HOME$/OneDrive/Работен плот/junit4-e50487c97a8ae9a3168df89751457ba4cfab4d2a.zip!/junit4-e50487c97a8ae9a3168df89751457ba4cfab4d2a/src/main/java" />
      <root url="jar://$USER_HOME$/OneDrive/Работен плот/junit4-e50487c97a8ae9a3168df89751457ba4cfab4d2a.zip!/junit4-e50487c97a8ae9a3168df89751457ba4cfab4d2a/src/test/java" />
    </SOURCES>
  </library>
</component>